<?xml version="1.0" encoding="UTF-8"?>
<!-- Generated by org.testng.reporters.JUnitReportReporter -->
<testsuite hostname="DESKTOP-VLRG4S1" failures="0" tests="2" name="tests.sample1" time="8.597" errors="0" timestamp="2024-02-06T14:15:58 IST" skipped="0">
  <testcase classname="tests.sample1" name="twitter" time="4.545"/>
  <system-out/>
  <testcase classname="tests.sample1" name="instagram" time="4.052"/>
  <system-out/>
</testsuite> <!-- tests.sample1 -->
